<?xml version="1.0" encoding="UTF-8"?>
<testng-results ignored="0" total="1" passed="1" failed="0" skipped="0">
  <reporter-output>
  </reporter-output>
  <suite started-at="2026-01-03T01:14:17 IST" name="Default suite" finished-at="2026-01-03T01:17:02 IST" duration-ms="165545">
    <groups>
    </groups>
    <test started-at="2026-01-03T01:14:17 IST" name="Default test" finished-at="2026-01-03T01:17:02 IST" duration-ms="165545">
      <class name="API.Web.RegisterUserCase1">
        <test-method signature="registeredUser()[pri:0, instance:API.Web.RegisterUserCase1@15ff3e9e]" started-at="2026-01-03T01:14:17 IST" name="registeredUser" finished-at="2026-01-03T01:17:02 IST" duration-ms="165527" status="PASS">
          <reporter-output>
          </reporter-output>
        </test-method> <!-- registeredUser -->
      </class> <!-- API.Web.RegisterUserCase1 -->
    </test> <!-- Default test -->
  </suite> <!-- Default suite -->
</testng-results>
